<?xml version="1.0" encoding="UTF-8"?>
<!-- Generated by org.testng.reporters.JUnitXMLReporter -->
<testsuite ignored="1" hostname="DESKTOP-10F2RV2" failures="0" tests="1" name="SignUpSteps" time="14.875" errors="0" timestamp="2024-06-26T16:44:42 CET">
  <testcase classname="CRMTestng.steps.SignUpSteps" name="user_fill_the_email_and_click_on_accept_terms_select_captcha_and_click_on_signup_button" time="8.285"/>
  <testcase classname="CRMTestng.steps.SignUpSteps" name="user_account_should_be_created" time="0.0">
    <ignored/>
  </testcase> <!-- user_account_should_be_created -->
</testsuite> <!-- SignUpSteps -->
