<?xml version="1.0" encoding="UTF-8"?>
<!-- Generated by org.testng.reporters.JUnitXMLReporter -->
<testsuite ignored="1" hostname="DESKTOP-10F2RV2" failures="0" tests="1" name="loginSteps" time="24.908" errors="0" timestamp="2024-06-26T16:44:27 CET">
  <testcase classname="CRMTestng.steps.loginSteps" name="user_fill_the_email_and_password_and_click_on_login_button" time="15.244"/>
  <testcase classname="CRMTestng.steps.loginSteps" name="user_should_navigate_at_the_homepage" time="0.0">
    <ignored/>
  </testcase> <!-- user_should_navigate_at_the_homepage -->
</testsuite> <!-- loginSteps -->
